<?xml version="1.0" encoding="UTF-8"?>
<!-- Generated by org.testng.reporters.JUnitReportReporter -->
<testsuite hostname="visweswararao" failures="0" tests="2" name="nov23.AdvanceReports" time="11.261" errors="0" timestamp="2024-11-25T15:14:25 IST" skipped="0">
  <testcase classname="nov23.AdvanceReports" name="failtest" time="3.487"/>
  <system-out/>
  <testcase classname="nov23.AdvanceReports" name="passtest" time="7.774"/>
  <system-out/>
</testsuite> <!-- nov23.AdvanceReports -->
