<?xml version="1.0" encoding="UTF-8"?>
<!-- Generated by org.testng.reporters.JUnitReportReporter -->
<testsuite hostname="visweswararao" failures="0" tests="5" name="nov25.Using_HRM" time="30.360" errors="0" timestamp="2024-11-25T15:17:26 IST" skipped="0">
  <testcase classname="nov25.Using_HRM" name="verifylogin" time="6.334"/>
  <system-out/>
  <testcase classname="nov25.Using_HRM" name="verifylogin" time="8.711"/>
  <system-out/>
  <testcase classname="nov25.Using_HRM" name="verifylogin" time="5.009"/>
  <system-out/>
  <testcase classname="nov25.Using_HRM" name="verifylogin" time="5.307"/>
  <system-out/>
  <testcase classname="nov25.Using_HRM" name="verifylogin" time="4.999"/>
  <system-out/>
</testsuite> <!-- nov25.Using_HRM -->
